#
# There is insufficient memory for the Java Runtime Environment to continue.
# Native memory allocation (mmap) failed to map 268435456 bytes for G1 virtual space
# Possible reasons:
#   The system is out of physical RAM or swap space
#   The process is running with CompressedOops enabled, and the Java Heap may be blocking the growth of the native heap
# Possible solutions:
#   Reduce memory load on the system
#   Increase physical memory or swap space
#   Check if swap backing store is full
#   Decrease Java heap size (-Xmx/-Xms)
#   Decrease number of Java threads
#   Decrease Java thread stack sizes (-Xss)
#   Set larger code cache with -XX:ReservedCodeCacheSize=
#   JVM is running with Zero Based Compressed Oops mode in which the Java heap is
#     placed in the first 32GB address space. The Java Heap base address is the
#     maximum limit for the native heap growth. Please use -XX:HeapBaseMinAddress
#     to set the Java Heap base and to place the Java Heap above 32GB virtual address.
# This output file may be truncated or incomplete.
#
#  Out of Memory Error (os_windows.cpp:3528), pid=3692, tid=25652
#
# JRE version:  (20.0.2+9) (build )
# Java VM: Java HotSpot(TM) 64-Bit Server VM (20.0.2+9-78, mixed mode, sharing, tiered, compressed oops, compressed class ptrs, g1 gc, windows-amd64)
# No core dump will be written. Minidumps are not enabled by default on client versions of Windows
#

---------------  S U M M A R Y ------------

Command Line: -javaagent:C:\Program Files\JetBrains\IntelliJ IDEA 2024.3.3\lib\idea_rt.jar=58298:C:\Program Files\JetBrains\IntelliJ IDEA 2024.3.3\bin -Dfile.encoding=UTF-8 -Dsun.stdout.encoding=UTF-8 -Dsun.stderr.encoding=UTF-8 ListWordsWithFrequency.ListWordsWithFrequency

Host: Intel(R) Core(TM) i5-8300H CPU @ 2.30GHz, 8 cores, 15G,  Windows 11 , 64 bit Build 26100 (10.0.26100.3037)
Time: Thu Mar  6 22:21:50 2025 Hora est. Pacífico, Sudamérica elapsed time: 0.673800 seconds (0d 0h 0m 0s)

---------------  T H R E A D  ---------------

Current thread (0x000001704e79db30):  JavaThread "Unknown thread" [_thread_in_vm, id=25652, stack(0x00000002da000000,0x00000002da100000)]

Stack: [0x00000002da000000,0x00000002da100000]
Native frames: (J=compiled Java code, j=interpreted, Vv=VM code, C=native code)
V  [jvm.dll+0x6bc25a]
V  [jvm.dll+0x84971a]
V  [jvm.dll+0x84b315]
V  [jvm.dll+0x84ba13]
V  [jvm.dll+0x280e4f]
V  [jvm.dll+0x6b8fe9]
V  [jvm.dll+0x6adbca]
V  [jvm.dll+0x35b165]
V  [jvm.dll+0x363386]
V  [jvm.dll+0x3b400e]
V  [jvm.dll+0x3b4295]
V  [jvm.dll+0x32b86a]
V  [jvm.dll+0x32c68b]
V  [jvm.dll+0x8123df]
V  [jvm.dll+0x3c1261]
V  [jvm.dll+0x7fe103]
V  [jvm.dll+0x44ccaf]
V  [jvm.dll+0x44e621]
C  [jli.dll+0x5287]
C  [ucrtbase.dll+0x37b0]
C  [KERNEL32.DLL+0x2e8d7]
C  [ntdll.dll+0xbbf2c]


---------------  P R O C E S S  ---------------

Threads class SMR info:
_java_thread_list=0x00007ffc3fcfb118, length=0, elements={
}

Java Threads: ( => current thread )

Other Threads:
  0x000001704e80ff20 WorkerThread "GC Thread#0" [stack: 0x00000002da100000,0x00000002da200000] [id=24984]
  0x000001704e820c70 ConcurrentGCThread "G1 Main Marker" [stack: 0x00000002da200000,0x00000002da300000] [id=37836]
  0x000001704e8216a0 WorkerThread "G1 Conc#0" [stack: 0x00000002da300000,0x00000002da400000] [id=10332]

[error occurred during error reporting (printing all threads), id 0xc0000005, EXCEPTION_ACCESS_VIOLATION (0xc0000005) at pc=0x00007ffc3f4deea7]
VM state: not at safepoint (not fully initialized)

VM Mutex/Monitor currently owned by a thread:  ([mutex/lock_event])
[0x000001704e79a980] Heap_lock - owner thread: 0x000001704e79db30

Heap address: 0x0000000701c00000, size: 4068 MB, Compressed Oops mode: Zero based, Oop shift amount: 3

CDS archive(s) mapped at: [0x0000000000000000-0x0000000000000000-0x0000000000000000), size 0, SharedBaseAddress: 0x0000000800000000, ArchiveRelocationMode: 1.
Narrow klass base: 0x0000000000000000, Narrow klass shift: 0, Narrow klass range: 0x0

GC Precious Log:
 CardTable entry size: 512
 Card Set container configuration: InlinePtr #cards 4 size 8 Array Of Cards #cards 16 size 48 Howl #buckets 8 coarsen threshold 3686 Howl Bitmap #cards 512 size 80 coarsen threshold 460 Card regions per heap region 1 cards per card region 4096

Heap:
 garbage-first heap   total 0K, used 0K [0x0000000701c00000, 0x0000000800000000)
  region size 2048K, 0 young (0K), 0 survivors (0K)

[error occurred during error reporting (printing heap information), id 0xc0000005, EXCEPTION_ACCESS_VIOLATION (0xc0000005) at pc=0x00007ffc3f8b47b9]
GC Heap History (0 events):
No events

Dll operation events (1 events):
Event: 0.048 Loaded shared library C:\Program Files\Java\jdk-20\bin\java.dll

Deoptimization events (0 events):
No events

Classes loaded (0 events):
No events

Classes unloaded (0 events):
No events

Classes redefined (0 events):
No events

Internal exceptions (0 events):
No events

VM Operations (0 events):
No events

Events (0 events):
No events


Dynamic libraries:
0x00007ff615ae0000 - 0x00007ff615af0000 	C:\Program Files\Java\jdk-20\bin\java.exe
0x00007ffc9c000000 - 0x00007ffc9c263000 	C:\WINDOWS\SYSTEM32\ntdll.dll
0x00007ffc99f70000 - 0x00007ffc9a037000 	C:\WINDOWS\System32\KERNEL32.DLL
0x00007ffc998f0000 - 0x00007ffc99cb7000 	C:\WINDOWS\System32\KERNELBASE.dll
0x00007ffc99700000 - 0x00007ffc9984c000 	C:\WINDOWS\System32\ucrtbase.dll
0x00007ffc81220000 - 0x00007ffc8123b000 	C:\Program Files\Java\jdk-20\bin\VCRUNTIME140.dll
0x00007ffc81240000 - 0x00007ffc81259000 	C:\Program Files\Java\jdk-20\bin\jli.dll
0x00007ffc9aff0000 - 0x00007ffc9b0a4000 	C:\WINDOWS\System32\ADVAPI32.dll
0x00007ffc9a3e0000 - 0x00007ffc9a489000 	C:\WINDOWS\System32\msvcrt.dll
0x00007ffc9b360000 - 0x00007ffc9b406000 	C:\WINDOWS\System32\sechost.dll
0x00007ffc9b0e0000 - 0x00007ffc9b1f6000 	C:\WINDOWS\System32\RPCRT4.dll
0x00007ffc7a4f0000 - 0x00007ffc7a780000 	C:\WINDOWS\WinSxS\amd64_microsoft.windows.common-controls_6595b64144ccf1df_6.0.26100.3037_none_3e09262ce333c378\COMCTL32.dll
0x00007ffc9acb0000 - 0x00007ffc9ae79000 	C:\WINDOWS\System32\USER32.dll
0x00007ffc994d0000 - 0x00007ffc994f7000 	C:\WINDOWS\System32\win32u.dll
0x00007ffc9b0b0000 - 0x00007ffc9b0da000 	C:\WINDOWS\System32\GDI32.dll
0x00007ffc993a0000 - 0x00007ffc994cb000 	C:\WINDOWS\System32\gdi32full.dll
0x00007ffc99590000 - 0x00007ffc99633000 	C:\WINDOWS\System32\msvcp_win.dll
0x00007ffc91fb0000 - 0x00007ffc91fbb000 	C:\WINDOWS\SYSTEM32\VERSION.dll
0x00007ffc9b740000 - 0x00007ffc9b76f000 	C:\WINDOWS\System32\IMM32.DLL
0x00007ffc940d0000 - 0x00007ffc940dc000 	C:\Program Files\Java\jdk-20\bin\vcruntime140_1.dll
0x00007ffc4fa90000 - 0x00007ffc4fb1e000 	C:\Program Files\Java\jdk-20\bin\msvcp140.dll
0x00007ffc3f1a0000 - 0x00007ffc3fe38000 	C:\Program Files\Java\jdk-20\bin\server\jvm.dll
0x00007ffc91f80000 - 0x00007ffc91f8a000 	C:\WINDOWS\SYSTEM32\WSOCK32.dll
0x00007ffc9b250000 - 0x00007ffc9b2c4000 	C:\WINDOWS\System32\WS2_32.dll
0x00007ffc877a0000 - 0x00007ffc877d6000 	C:\WINDOWS\SYSTEM32\WINMM.dll
0x00007ffc981a0000 - 0x00007ffc981ba000 	C:\WINDOWS\SYSTEM32\kernel.appcore.dll
0x00007ffc940b0000 - 0x00007ffc940ba000 	C:\Program Files\Java\jdk-20\bin\jimage.dll
0x00007ffc964d0000 - 0x00007ffc96711000 	C:\WINDOWS\SYSTEM32\DBGHELP.DLL
0x00007ffc9a040000 - 0x00007ffc9a3be000 	C:\WINDOWS\System32\combase.dll
0x00007ffc9ae80000 - 0x00007ffc9af56000 	C:\WINDOWS\System32\OLEAUT32.dll
0x00007ffc70b00000 - 0x00007ffc70b39000 	C:\WINDOWS\SYSTEM32\dbgcore.DLL
0x00007ffc99850000 - 0x00007ffc998e9000 	C:\WINDOWS\System32\bcryptPrimitives.dll
0x00007ffc92430000 - 0x00007ffc9243e000 	C:\Program Files\Java\jdk-20\bin\instrument.dll
0x00007ffc588e0000 - 0x00007ffc58906000 	C:\Program Files\Java\jdk-20\bin\java.dll

dbghelp: loaded successfully - version: 4.0.5 - missing functions: none
symbol engine: initialized successfully - sym options: 0x614 - pdb path: .;C:\Program Files\Java\jdk-20\bin;C:\WINDOWS\SYSTEM32;C:\WINDOWS\WinSxS\amd64_microsoft.windows.common-controls_6595b64144ccf1df_6.0.26100.3037_none_3e09262ce333c378;C:\Program Files\Java\jdk-20\bin\server

VM Arguments:
jvm_args: -javaagent:C:\Program Files\JetBrains\IntelliJ IDEA 2024.3.3\lib\idea_rt.jar=58298:C:\Program Files\JetBrains\IntelliJ IDEA 2024.3.3\bin -Dfile.encoding=UTF-8 -Dsun.stdout.encoding=UTF-8 -Dsun.stderr.encoding=UTF-8 
java_command: ListWordsWithFrequency.ListWordsWithFrequency
java_class_path (initial): D:\Universidad\Arquitectura limia\corte1\Tarea3\ID8\target\classes;C:\Users\juand\.m2\repository\FiltrosTuberias\shared\1.0-SNAPSHOT\shared-1.0-SNAPSHOT.jar
Launcher Type: SUN_STANDARD

[Global flags]
     intx CICompilerCount                          = 4                                         {product} {ergonomic}
     uint ConcGCThreads                            = 2                                         {product} {ergonomic}
     uint G1ConcRefinementThreads                  = 8                                         {product} {ergonomic}
   size_t G1HeapRegionSize                         = 2097152                                   {product} {ergonomic}
    uintx GCDrainStackTargetSize                   = 64                                        {product} {ergonomic}
   size_t InitialHeapSize                          = 268435456                                 {product} {ergonomic}
   size_t MarkStackSize                            = 4194304                                   {product} {ergonomic}
   size_t MaxHeapSize                              = 4265607168                                {product} {ergonomic}
   size_t MinHeapDeltaBytes                        = 2097152                                   {product} {ergonomic}
   size_t MinHeapSize                              = 8388608                                   {product} {ergonomic}
    uintx NonNMethodCodeHeapSize                   = 5839372                                {pd product} {ergonomic}
    uintx NonProfiledCodeHeapSize                  = 122909434                              {pd product} {ergonomic}
    uintx ProfiledCodeHeapSize                     = 122909434                              {pd product} {ergonomic}
    uintx ReservedCodeCacheSize                    = 251658240                              {pd product} {ergonomic}
     bool SegmentedCodeCache                       = true                                      {product} {ergonomic}
   size_t SoftMaxHeapSize                          = 4265607168                             {manageable} {ergonomic}
     bool UseCompressedClassPointers               = true                           {product lp64_product} {ergonomic}
     bool UseCompressedOops                        = true                           {product lp64_product} {ergonomic}
     bool UseG1GC                                  = true                                      {product} {ergonomic}
     bool UseLargePagesIndividualAllocation        = false                                  {pd product} {ergonomic}

Logging:
Log output configuration:
 #0: stdout all=warning uptime,level,tags foldmultilines=false
 #1: stderr all=off uptime,level,tags foldmultilines=false

Environment Variables:
JAVA_HOME=C:\Program Files\Java\jdk-21
PATH=C:\Program Files\Common Files\Oracle\Java\javapath;C:\Program Files (x86)\Common Files\Oracle\Java\java8path;C:\Program Files (x86)\Common Files\Oracle\Java\javapath;C:\WINDOWS\system32;C:\WINDOWS;C:\WINDOWS\System32\Wbem;C:\WINDOWS\System32\WindowsPowerShell\v1.0\;C:\WINDOWS\System32\OpenSSH\;C:\Program Files\nodejs\;C:\Program Files\Git\cmd;C:\Program Files\Java\jdk-21\bin;C:\Program Files\Docker\Docker\resources\bin;C:\Program Files\NVIDIA Corporation\NVIDIA app\NvDLISR;C:\Program Files (x86)\NVIDIA Corporation\PhysX\Common;C:\Program Files\apache-maven-3.9.9\bin;C:\Program Files\MySQL\MySQL Shell 8.0\bin\;C:\Users\juand\.console-ninja\.bin;C:\Users\juand\AppData\Local\Programs\Python\Python313\Scripts\;C:\Users\juand\AppData\Local\Programs\Python\Python313\;C:\Users\juand\AppData\Local\Programs\Python\Launcher\;C:\Users\juand\AppData\Local\Microsoft\WindowsApps;C:\Users\juand\AppData\Local\Programs\Microsoft VS Code\bin;C:\Users\juand\AppData\Roaming\npm;C:\flutter\bin;;C:\Program Files\JetBrains\IntelliJ IDEA 2024.3.3\bin;
USERNAME=juand
OS=Windows_NT
PROCESSOR_IDENTIFIER=Intel64 Family 6 Model 158 Stepping 10, GenuineIntel
TMP=C:\Users\juand\AppData\Local\Temp
TEMP=C:\Users\juand\AppData\Local\Temp




---------------  S Y S T E M  ---------------

OS:
 Windows 11 , 64 bit Build 26100 (10.0.26100.3037)
OS uptime: 7 days 2:40 hours
Hyper-V role detected

CPU: total 8 (initial active 8) (4 cores per cpu, 2 threads per core) family 6 model 158 stepping 10 microcode 0xf0, cx8, cmov, fxsr, ht, mmx, 3dnowpref, sse, sse2, sse3, ssse3, sse4.1, sse4.2, popcnt, lzcnt, tsc, tscinvbit, avx, avx2, aes, erms, clmul, bmi1, bmi2, adx, fma, vzeroupper, clflush, clflushopt, hv, rdtscp, f16c

Memory: 4k page, system-wide physical 16265M (845M free)
TotalPageFile size 45973M (AvailPageFile size 255M)
current process WorkingSet (physical memory assigned to process): 12M, peak: 12M
current process commit charge ("private bytes"): 60M, peak: 316M

vm_info: Java HotSpot(TM) 64-Bit Server VM (20.0.2+9-78) for windows-amd64 JRE (20.0.2+9-78), built on 2023-06-14T10:08:48Z by "mach5one" with MS VC++ 17.1 (VS2022)

END.
